apache/arimo
apache/cousine
apache/roboto
apache/tinos
ofl/abyssinicasil
ofl/alef
ofl/alkalami
ofl/amiri
ofl/amiriquran
ofl/amiriqurancolored
ofl/b612
ofl/b612mono
ofl/charissil
ofl/davidlibre
ofl/firacode
ofl/firamono
ofl/firasans
ofl/harmattan
ofl/ibmplexmono
ofl/ibmplexsans
ofl/ibmplexsansarabic
ofl/ibmplexsanscondensed
ofl/ibmplexsansdevanagari
ofl/ibmplexsanshebrew
ofl/ibmplexsansjp
ofl/ibmplexsanskr
ofl/ibmplexsansthai
ofl/ibmplexsansthailooped
ofl/ibmplexserif
ofl/manjari
ofl/mingzat
ofl/opensans
ofl/padauk
ofl/reemkufi
ofl/reemkufifun
ofl/reemkufiink
ofl/sourcecodepro
ofl/sourcesans3
ofl/sourcesanspro
ofl/sourceserifpro
ofl/taiheritagepro
ofl/vollkorn
